30-10-2021 16:44:27.738 [Gauge] [INFO] Watching directory: C:\Users\testinium\OneDrive\Desktop\OzdilekAppiumTest\specs
30-10-2021 16:44:27.741 [Gauge] [INFO] Initializing concepts cache with 0 concepts
30-10-2021 16:44:27.742 [Gauge] [DEBUG] Found 1 files
30-10-2021 16:44:27.743 [Gauge] [INFO] Initializing specs cache with 1 specs
30-10-2021 16:44:27.744 [Gauge] [DEBUG] Adding specs from C:\Users\testinium\OneDrive\Desktop\OzdilekAppiumTest\specs\example.spec
30-10-2021 16:44:27.744 [Gauge] [INFO] Initializing steps cache with 1 steps
30-10-2021 16:44:27.744 [Gauge] [INFO] Gauge daemon initialized and listening on port: 57424
30-10-2021 16:46:41.276 [Gauge] [DEBUG] Api Request Received: messageType:GetStepValueRequest messageId:4 stepValueRequest:<stepText:"Open the Gauge homepage" > 
30-10-2021 16:46:41.286 [Gauge] [DEBUG] Sending API response: messageType:GetStepValueResponse messageId:4 stepValueResponse:<stepValue:<stepValue:"Open the Gauge homepage" parameterizedStepValue:"Open the Gauge homepage" > > 
30-10-2021 16:46:41.408 [Gauge] [DEBUG] Api Request Received: messageType:GetStepValueRequest messageId:4 stepValueRequest:<stepText:"Go to Gauge Get Started Page" > 
30-10-2021 16:46:41.420 [Gauge] [DEBUG] Sending API response: messageType:GetStepValueResponse messageId:4 stepValueResponse:<stepValue:<stepValue:"Go to Gauge Get Started Page" parameterizedStepValue:"Go to Gauge Get Started Page" > > 
30-10-2021 16:46:41.420 [Gauge] [DEBUG] Api Request Received: messageType:GetStepValueRequest messageId:4 stepValueRequest:<stepText:"Ensure installation instructions are available" > 
30-10-2021 16:46:41.420 [Gauge] [DEBUG] Sending API response: messageType:GetStepValueResponse messageId:4 stepValueResponse:<stepValue:<stepValue:"Ensure installation instructions are available" parameterizedStepValue:"Ensure installation instructions are available" > > 
30-10-2021 16:47:03.266 [Gauge] [INFO] Spec file added / modified: C:\Users\testinium\OneDrive\Desktop\OzdilekAppiumTest\specs\example.spec
30-10-2021 16:47:03.268 [Gauge] [INFO] Spec file added / modified: C:\Users\testinium\OneDrive\Desktop\OzdilekAppiumTest\specs\example.spec
30-10-2021 16:48:56.879 [Gauge] [DEBUG] Api Request Received: messageType:GetStepValueRequest messageId:4 stepValueRequest:<stepText:"<time> saniye bekle" > 
30-10-2021 16:48:56.879 [Gauge] [DEBUG] Sending API response: messageType:GetStepValueResponse messageId:4 stepValueResponse:<stepValue:<stepValue:"{} saniye bekle" parameterizedStepValue:"<time> saniye bekle" parameters:"time" > > 
30-10-2021 16:48:57.012 [Gauge] [DEBUG] Api Request Received: messageType:GetStepValueRequest messageId:4 stepValueRequest:<stepText:"<Key> \304\260d'li elemente <keywordc> de\304\237erini yaz" > 
30-10-2021 16:48:57.023 [Gauge] [DEBUG] Sending API response: messageType:GetStepValueResponse messageId:4 stepValueResponse:<stepValue:<stepValue:"{} \304\260d'li elemente {} de\304\237erini yaz" parameterizedStepValue:"<Key> \304\260d'li elemente <keywordc> de\304\237erini yaz" parameters:"Key" parameters:"keywordc" > > 
30-10-2021 16:48:57.024 [Gauge] [DEBUG] Api Request Received: messageType:GetStepValueRequest messageId:4 stepValueRequest:<stepText:"<Key>size xpath elemente t\304\261kla" > 
30-10-2021 16:48:57.025 [Gauge] [DEBUG] Sending API response: messageType:GetStepValueResponse messageId:4 stepValueResponse:<stepValue:<stepValue:"{}size xpath elemente t\304\261kla" parameterizedStepValue:"<Key>size xpath elemente t\304\261kla" parameters:"Key" > > 
30-10-2021 16:48:57.026 [Gauge] [DEBUG] Api Request Received: messageType:GetStepValueRequest messageId:4 stepValueRequest:<stepText:"<Key> xpath'li elemente <keywordc> de\304\237erini yaz" > 
30-10-2021 16:48:57.026 [Gauge] [DEBUG] Sending API response: messageType:GetStepValueResponse messageId:4 stepValueResponse:<stepValue:<stepValue:"{} xpath'li elemente {} de\304\237erini yaz" parameterizedStepValue:"<Key> xpath'li elemente <keywordc> de\304\237erini yaz" parameters:"Key" parameters:"keywordc" > > 
30-10-2021 16:48:57.027 [Gauge] [DEBUG] Api Request Received: messageType:GetStepValueRequest messageId:4 stepValueRequest:<stepText:"<Key> id'li elemente tikla" > 
30-10-2021 16:48:57.032 [Gauge] [DEBUG] Sending API response: messageType:GetStepValueResponse messageId:4 stepValueResponse:<stepValue:<stepValue:"{} id'li elemente tikla" parameterizedStepValue:"<Key> id'li elemente tikla" parameters:"Key" > > 
30-10-2021 16:48:57.033 [Gauge] [DEBUG] Api Request Received: messageType:GetStepValueRequest messageId:4 stepValueRequest:<stepText:"ID ile <by> ile elementi bul ve <text> ile kontrol et." > 
30-10-2021 16:48:57.033 [Gauge] [DEBUG] Sending API response: messageType:GetStepValueResponse messageId:4 stepValueResponse:<stepValue:<stepValue:"ID ile {} ile elementi bul ve {} ile kontrol et." parameterizedStepValue:"ID ile <by> ile elementi bul ve <text> ile kontrol et." parameters:"by" parameters:"text" > > 
30-10-2021 16:48:57.034 [Gauge] [DEBUG] Api Request Received: messageType:GetStepValueRequest messageId:4 stepValueRequest:<stepText:"XPATH ile <by> ile elementi bul ve <text> ile kontrol et." > 
30-10-2021 16:48:57.040 [Gauge] [DEBUG] Sending API response: messageType:GetStepValueResponse messageId:4 stepValueResponse:<stepValue:<stepValue:"XPATH ile {} ile elementi bul ve {} ile kontrol et." parameterizedStepValue:"XPATH ile <by> ile elementi bul ve <text> ile kontrol et." parameters:"by" parameters:"text" > > 
30-10-2021 16:48:57.041 [Gauge] [DEBUG] Api Request Received: messageType:GetStepValueRequest messageId:4 stepValueRequest:<stepText:"<Key> random bir \303\274r\303\274n se\303\247" > 
30-10-2021 16:48:57.045 [Gauge] [DEBUG] Sending API response: messageType:GetStepValueResponse messageId:4 stepValueResponse:<stepValue:<stepValue:"{} random bir \303\274r\303\274n se\303\247" parameterizedStepValue:"<Key> random bir \303\274r\303\274n se\303\247" parameters:"Key" > > 
30-10-2021 16:48:57.046 [Gauge] [DEBUG] Api Request Received: messageType:GetStepValueRequest messageId:4 stepValueRequest:<stepText:"<Key> \304\260d'li elemente t\304\261kla" > 
30-10-2021 16:48:57.052 [Gauge] [DEBUG] Sending API response: messageType:GetStepValueResponse messageId:4 stepValueResponse:<stepValue:<stepValue:"{} \304\260d'li elemente t\304\261kla" parameterizedStepValue:"<Key> \304\260d'li elemente t\304\261kla" parameters:"Key" > > 
30-10-2021 16:48:57.052 [Gauge] [DEBUG] Api Request Received: messageType:GetStepValueRequest messageId:4 stepValueRequest:<stepText:"<Key> xpath'li elemente t\304\261kla" > 
30-10-2021 16:48:57.052 [Gauge] [DEBUG] Sending API response: messageType:GetStepValueResponse messageId:4 stepValueResponse:<stepValue:<stepValue:"{} xpath'li elemente t\304\261kla" parameterizedStepValue:"<Key> xpath'li elemente t\304\261kla" parameters:"Key" > > 
30-10-2021 17:00:51.593 [Gauge] [DEBUG] Api Request Received: messageType:GetStepValueRequest messageId:4 stepValueRequest:<stepText:"\"com.ozdilek.ozdilekteyim:id/etEposta\" \304\260d'li elemente \"a\" de\304\237erini yaz" > 
30-10-2021 17:00:51.607 [Gauge] [DEBUG] Sending API response: messageType:GetStepValueResponse messageId:4 stepValueResponse:<stepValue:<stepValue:"{} \304\260d'li elemente {} de\304\237erini yaz" parameterizedStepValue:"<com.ozdilek.ozdilekteyim:id/etEposta> \304\260d'li elemente <a> de\304\237erini yaz" parameters:"com.ozdilek.ozdilekteyim:id/etEposta" parameters:"a" > > 
30-10-2021 17:00:51.825 [Gauge] [DEBUG] Api Request Received: messageType:GetStepValueRequest messageId:4 stepValueRequest:<stepText:"\"com.ozdilek.ozdilekteyim:id/etEposta\" \304\260d'li elemente \"ah\" de\304\237erini yaz" > 
30-10-2021 17:00:51.835 [Gauge] [DEBUG] Sending API response: messageType:GetStepValueResponse messageId:4 stepValueResponse:<stepValue:<stepValue:"{} \304\260d'li elemente {} de\304\237erini yaz" parameterizedStepValue:"<com.ozdilek.ozdilekteyim:id/etEposta> \304\260d'li elemente <ah> de\304\237erini yaz" parameters:"com.ozdilek.ozdilekteyim:id/etEposta" parameters:"ah" > > 
30-10-2021 17:00:51.941 [Gauge] [DEBUG] Api Request Received: messageType:GetStepValueRequest messageId:4 stepValueRequest:<stepText:"\"com.ozdilek.ozdilekteyim:id/etEposta\" \304\260d'li elemente \"ahm\" de\304\237erini yaz" > 
30-10-2021 17:00:51.950 [Gauge] [DEBUG] Sending API response: messageType:GetStepValueResponse messageId:4 stepValueResponse:<stepValue:<stepValue:"{} \304\260d'li elemente {} de\304\237erini yaz" parameterizedStepValue:"<com.ozdilek.ozdilekteyim:id/etEposta> \304\260d'li elemente <ahm> de\304\237erini yaz" parameters:"com.ozdilek.ozdilekteyim:id/etEposta" parameters:"ahm" > > 
30-10-2021 17:00:52.056 [Gauge] [DEBUG] Api Request Received: messageType:GetStepValueRequest messageId:4 stepValueRequest:<stepText:"\"com.ozdilek.ozdilekteyim:id/etEposta\" \304\260d'li elemente \"ahme\" de\304\237erini yaz" > 
30-10-2021 17:00:52.060 [Gauge] [DEBUG] Sending API response: messageType:GetStepValueResponse messageId:4 stepValueResponse:<stepValue:<stepValue:"{} \304\260d'li elemente {} de\304\237erini yaz" parameterizedStepValue:"<com.ozdilek.ozdilekteyim:id/etEposta> \304\260d'li elemente <ahme> de\304\237erini yaz" parameters:"com.ozdilek.ozdilekteyim:id/etEposta" parameters:"ahme" > > 
30-10-2021 17:00:52.167 [Gauge] [DEBUG] Api Request Received: messageType:GetStepValueRequest messageId:4 stepValueRequest:<stepText:"\"com.ozdilek.ozdilekteyim:id/etEposta\" \304\260d'li elemente \"ahmet\" de\304\237erini yaz" > 
30-10-2021 17:00:52.167 [Gauge] [DEBUG] Sending API response: messageType:GetStepValueResponse messageId:4 stepValueResponse:<stepValue:<stepValue:"{} \304\260d'li elemente {} de\304\237erini yaz" parameterizedStepValue:"<com.ozdilek.ozdilekteyim:id/etEposta> \304\260d'li elemente <ahmet> de\304\237erini yaz" parameters:"com.ozdilek.ozdilekteyim:id/etEposta" parameters:"ahmet" > > 
30-10-2021 17:00:52.712 [Gauge] [DEBUG] Api Request Received: messageType:GetStepValueRequest messageId:4 stepValueRequest:<stepText:"\"com.ozdilek.ozdilekteyim:id/etEposta\" \304\260d'li elemente \"ahmet@\" de\304\237erini yaz" > 
30-10-2021 17:00:52.712 [Gauge] [DEBUG] Sending API response: messageType:GetStepValueResponse messageId:4 stepValueResponse:<stepValue:<stepValue:"{} \304\260d'li elemente {} de\304\237erini yaz" parameterizedStepValue:"<com.ozdilek.ozdilekteyim:id/etEposta> \304\260d'li elemente <ahmet@> de\304\237erini yaz" parameters:"com.ozdilek.ozdilekteyim:id/etEposta" parameters:"ahmet@" > > 
30-10-2021 17:00:52.994 [Gauge] [DEBUG] Api Request Received: messageType:GetStepValueRequest messageId:4 stepValueRequest:<stepText:"\"com.ozdilek.ozdilekteyim:id/etEposta\" \304\260d'li elemente \"ahmet@b\" de\304\237erini yaz" > 
30-10-2021 17:00:53.006 [Gauge] [DEBUG] Sending API response: messageType:GetStepValueResponse messageId:4 stepValueResponse:<stepValue:<stepValue:"{} \304\260d'li elemente {} de\304\237erini yaz" parameterizedStepValue:"<com.ozdilek.ozdilekteyim:id/etEposta> \304\260d'li elemente <ahmet@b> de\304\237erini yaz" parameters:"com.ozdilek.ozdilekteyim:id/etEposta" parameters:"ahmet@b" > > 
30-10-2021 17:00:53.098 [Gauge] [DEBUG] Api Request Received: messageType:GetStepValueRequest messageId:4 stepValueRequest:<stepText:"\"com.ozdilek.ozdilekteyim:id/etEposta\" \304\260d'li elemente \"ahmet@be\" de\304\237erini yaz" > 
30-10-2021 17:00:53.104 [Gauge] [DEBUG] Sending API response: messageType:GetStepValueResponse messageId:4 stepValueResponse:<stepValue:<stepValue:"{} \304\260d'li elemente {} de\304\237erini yaz" parameterizedStepValue:"<com.ozdilek.ozdilekteyim:id/etEposta> \304\260d'li elemente <ahmet@be> de\304\237erini yaz" parameters:"com.ozdilek.ozdilekteyim:id/etEposta" parameters:"ahmet@be" > > 
30-10-2021 17:00:53.198 [Gauge] [DEBUG] Api Request Received: messageType:GetStepValueRequest messageId:4 stepValueRequest:<stepText:"\"com.ozdilek.ozdilekteyim:id/etEposta\" \304\260d'li elemente \"ahmet@bec\" de\304\237erini yaz" > 
30-10-2021 17:00:53.201 [Gauge] [DEBUG] Sending API response: messageType:GetStepValueResponse messageId:4 stepValueResponse:<stepValue:<stepValue:"{} \304\260d'li elemente {} de\304\237erini yaz" parameterizedStepValue:"<com.ozdilek.ozdilekteyim:id/etEposta> \304\260d'li elemente <ahmet@bec> de\304\237erini yaz" parameters:"com.ozdilek.ozdilekteyim:id/etEposta" parameters:"ahmet@bec" > > 
30-10-2021 17:00:53.364 [Gauge] [DEBUG] Api Request Received: messageType:GetStepValueRequest messageId:4 stepValueRequest:<stepText:"\"com.ozdilek.ozdilekteyim:id/etEposta\" \304\260d'li elemente \"ahmet@bece\" de\304\237erini yaz" > 
30-10-2021 17:00:53.379 [Gauge] [DEBUG] Sending API response: messageType:GetStepValueResponse messageId:4 stepValueResponse:<stepValue:<stepValue:"{} \304\260d'li elemente {} de\304\237erini yaz" parameterizedStepValue:"<com.ozdilek.ozdilekteyim:id/etEposta> \304\260d'li elemente <ahmet@bece> de\304\237erini yaz" parameters:"com.ozdilek.ozdilekteyim:id/etEposta" parameters:"ahmet@bece" > > 
30-10-2021 17:00:54.302 [Gauge] [DEBUG] Api Request Received: messageType:GetStepValueRequest messageId:4 stepValueRequest:<stepText:"\"com.ozdilek.ozdilekteyim:id/etEposta\" \304\260d'li elemente \"ahmet@becei\" de\304\237erini yaz" > 
30-10-2021 17:00:54.315 [Gauge] [DEBUG] Sending API response: messageType:GetStepValueResponse messageId:4 stepValueResponse:<stepValue:<stepValue:"{} \304\260d'li elemente {} de\304\237erini yaz" parameterizedStepValue:"<com.ozdilek.ozdilekteyim:id/etEposta> \304\260d'li elemente <ahmet@becei> de\304\237erini yaz" parameters:"com.ozdilek.ozdilekteyim:id/etEposta" parameters:"ahmet@becei" > > 
30-10-2021 17:00:54.634 [Gauge] [DEBUG] Api Request Received: messageType:GetStepValueRequest messageId:4 stepValueRequest:<stepText:"\"com.ozdilek.ozdilekteyim:id/etEposta\" \304\260d'li elemente \"ahmet@becer\" de\304\237erini yaz" > 
30-10-2021 17:00:54.642 [Gauge] [DEBUG] Sending API response: messageType:GetStepValueResponse messageId:4 stepValueResponse:<stepValue:<stepValue:"{} \304\260d'li elemente {} de\304\237erini yaz" parameterizedStepValue:"<com.ozdilek.ozdilekteyim:id/etEposta> \304\260d'li elemente <ahmet@becer> de\304\237erini yaz" parameters:"com.ozdilek.ozdilekteyim:id/etEposta" parameters:"ahmet@becer" > > 
30-10-2021 17:00:54.719 [Gauge] [DEBUG] Api Request Received: messageType:GetStepValueRequest messageId:4 stepValueRequest:<stepText:"\"com.ozdilek.ozdilekteyim:id/etEposta\" \304\260d'li elemente \"ahmet@beceri\" de\304\237erini yaz" > 
30-10-2021 17:00:54.729 [Gauge] [DEBUG] Sending API response: messageType:GetStepValueResponse messageId:4 stepValueResponse:<stepValue:<stepValue:"{} \304\260d'li elemente {} de\304\237erini yaz" parameterizedStepValue:"<com.ozdilek.ozdilekteyim:id/etEposta> \304\260d'li elemente <ahmet@beceri> de\304\237erini yaz" parameters:"com.ozdilek.ozdilekteyim:id/etEposta" parameters:"ahmet@beceri" > > 
30-10-2021 17:00:55.089 [Gauge] [DEBUG] Api Request Received: messageType:GetStepValueRequest messageId:4 stepValueRequest:<stepText:"\"com.ozdilek.ozdilekteyim:id/etEposta\" \304\260d'li elemente \"ahmet@becerik\" de\304\237erini yaz" > 
30-10-2021 17:00:55.099 [Gauge] [DEBUG] Sending API response: messageType:GetStepValueResponse messageId:4 stepValueResponse:<stepValue:<stepValue:"{} \304\260d'li elemente {} de\304\237erini yaz" parameterizedStepValue:"<com.ozdilek.ozdilekteyim:id/etEposta> \304\260d'li elemente <ahmet@becerik> de\304\237erini yaz" parameters:"com.ozdilek.ozdilekteyim:id/etEposta" parameters:"ahmet@becerik" > > 
30-10-2021 17:00:55.390 [Gauge] [DEBUG] Api Request Received: messageType:GetStepValueRequest messageId:4 stepValueRequest:<stepText:"\"com.ozdilek.ozdilekteyim:id/etEposta\" \304\260d'li elemente \"ahmet@becerik.\" de\304\237erini yaz" > 
30-10-2021 17:00:55.394 [Gauge] [DEBUG] Sending API response: messageType:GetStepValueResponse messageId:4 stepValueResponse:<stepValue:<stepValue:"{} \304\260d'li elemente {} de\304\237erini yaz" parameterizedStepValue:"<com.ozdilek.ozdilekteyim:id/etEposta> \304\260d'li elemente <ahmet@becerik.> de\304\237erini yaz" parameters:"com.ozdilek.ozdilekteyim:id/etEposta" parameters:"ahmet@becerik." > > 
30-10-2021 17:00:55.537 [Gauge] [DEBUG] Api Request Received: messageType:GetStepValueRequest messageId:4 stepValueRequest:<stepText:"\"com.ozdilek.ozdilekteyim:id/etEposta\" \304\260d'li elemente \"ahmet@becerik.c\" de\304\237erini yaz" > 
30-10-2021 17:00:55.547 [Gauge] [DEBUG] Sending API response: messageType:GetStepValueResponse messageId:4 stepValueResponse:<stepValue:<stepValue:"{} \304\260d'li elemente {} de\304\237erini yaz" parameterizedStepValue:"<com.ozdilek.ozdilekteyim:id/etEposta> \304\260d'li elemente <ahmet@becerik.c> de\304\237erini yaz" parameters:"com.ozdilek.ozdilekteyim:id/etEposta" parameters:"ahmet@becerik.c" > > 
30-10-2021 17:00:55.668 [Gauge] [DEBUG] Api Request Received: messageType:GetStepValueRequest messageId:4 stepValueRequest:<stepText:"\"com.ozdilek.ozdilekteyim:id/etEposta\" \304\260d'li elemente \"ahmet@becerik.co\" de\304\237erini yaz" > 
30-10-2021 17:00:55.669 [Gauge] [DEBUG] Sending API response: messageType:GetStepValueResponse messageId:4 stepValueResponse:<stepValue:<stepValue:"{} \304\260d'li elemente {} de\304\237erini yaz" parameterizedStepValue:"<com.ozdilek.ozdilekteyim:id/etEposta> \304\260d'li elemente <ahmet@becerik.co> de\304\237erini yaz" parameters:"com.ozdilek.ozdilekteyim:id/etEposta" parameters:"ahmet@becerik.co" > > 
30-10-2021 17:00:55.891 [Gauge] [DEBUG] Api Request Received: messageType:GetStepValueRequest messageId:4 stepValueRequest:<stepText:"\"com.ozdilek.ozdilekteyim:id/etEposta\" \304\260d'li elemente \"ahmet@becerik.com\" de\304\237erini yaz" > 
30-10-2021 17:00:55.893 [Gauge] [DEBUG] Sending API response: messageType:GetStepValueResponse messageId:4 stepValueResponse:<stepValue:<stepValue:"{} \304\260d'li elemente {} de\304\237erini yaz" parameterizedStepValue:"<com.ozdilek.ozdilekteyim:id/etEposta> \304\260d'li elemente <ahmet@becerik.com> de\304\237erini yaz" parameters:"com.ozdilek.ozdilekteyim:id/etEposta" parameters:"ahmet@becerik.com" > > 
30-10-2021 17:00:59.894 [Gauge] [DEBUG] Api Request Received: messageType:GetStepValueRequest messageId:4 stepValueRequest:<stepText:"\"com.ozdilek.ozdilekteyim:id/etPassword\" \304\260d'li elemente \"t\" de\304\237erini yaz" > 
30-10-2021 17:00:59.898 [Gauge] [DEBUG] Sending API response: messageType:GetStepValueResponse messageId:4 stepValueResponse:<stepValue:<stepValue:"{} \304\260d'li elemente {} de\304\237erini yaz" parameterizedStepValue:"<com.ozdilek.ozdilekteyim:id/etPassword> \304\260d'li elemente <t> de\304\237erini yaz" parameters:"com.ozdilek.ozdilekteyim:id/etPassword" parameters:"t" > > 
30-10-2021 17:01:00.064 [Gauge] [DEBUG] Api Request Received: messageType:GetStepValueRequest messageId:4 stepValueRequest:<stepText:"\"com.ozdilek.ozdilekteyim:id/etPassword\" \304\260d'li elemente \"te\" de\304\237erini yaz" > 
30-10-2021 17:01:00.078 [Gauge] [DEBUG] Sending API response: messageType:GetStepValueResponse messageId:4 stepValueResponse:<stepValue:<stepValue:"{} \304\260d'li elemente {} de\304\237erini yaz" parameterizedStepValue:"<com.ozdilek.ozdilekteyim:id/etPassword> \304\260d'li elemente <te> de\304\237erini yaz" parameters:"com.ozdilek.ozdilekteyim:id/etPassword" parameters:"te" > > 
30-10-2021 17:01:00.224 [Gauge] [DEBUG] Api Request Received: messageType:GetStepValueRequest messageId:4 stepValueRequest:<stepText:"\"com.ozdilek.ozdilekteyim:id/etPassword\" \304\260d'li elemente \"tes\" de\304\237erini yaz" > 
30-10-2021 17:01:00.224 [Gauge] [DEBUG] Sending API response: messageType:GetStepValueResponse messageId:4 stepValueResponse:<stepValue:<stepValue:"{} \304\260d'li elemente {} de\304\237erini yaz" parameterizedStepValue:"<com.ozdilek.ozdilekteyim:id/etPassword> \304\260d'li elemente <tes> de\304\237erini yaz" parameters:"com.ozdilek.ozdilekteyim:id/etPassword" parameters:"tes" > > 
30-10-2021 17:01:00.502 [Gauge] [DEBUG] Api Request Received: messageType:GetStepValueRequest messageId:4 stepValueRequest:<stepText:"\"com.ozdilek.ozdilekteyim:id/etPassword\" \304\260d'li elemente \"test\" de\304\237erini yaz" > 
30-10-2021 17:01:00.511 [Gauge] [DEBUG] Sending API response: messageType:GetStepValueResponse messageId:4 stepValueResponse:<stepValue:<stepValue:"{} \304\260d'li elemente {} de\304\237erini yaz" parameterizedStepValue:"<com.ozdilek.ozdilekteyim:id/etPassword> \304\260d'li elemente <test> de\304\237erini yaz" parameters:"com.ozdilek.ozdilekteyim:id/etPassword" parameters:"test" > > 
30-10-2021 17:01:01.066 [Gauge] [DEBUG] Api Request Received: messageType:GetStepValueRequest messageId:4 stepValueRequest:<stepText:"\"com.ozdilek.ozdilekteyim:id/etPassword\" \304\260d'li elemente \"test1\" de\304\237erini yaz" > 
30-10-2021 17:01:01.081 [Gauge] [DEBUG] Sending API response: messageType:GetStepValueResponse messageId:4 stepValueResponse:<stepValue:<stepValue:"{} \304\260d'li elemente {} de\304\237erini yaz" parameterizedStepValue:"<com.ozdilek.ozdilekteyim:id/etPassword> \304\260d'li elemente <test1> de\304\237erini yaz" parameters:"com.ozdilek.ozdilekteyim:id/etPassword" parameters:"test1" > > 
30-10-2021 17:01:01.182 [Gauge] [DEBUG] Api Request Received: messageType:GetStepValueRequest messageId:4 stepValueRequest:<stepText:"\"com.ozdilek.ozdilekteyim:id/etPassword\" \304\260d'li elemente \"test12\" de\304\237erini yaz" > 
30-10-2021 17:01:01.193 [Gauge] [DEBUG] Sending API response: messageType:GetStepValueResponse messageId:4 stepValueResponse:<stepValue:<stepValue:"{} \304\260d'li elemente {} de\304\237erini yaz" parameterizedStepValue:"<com.ozdilek.ozdilekteyim:id/etPassword> \304\260d'li elemente <test12> de\304\237erini yaz" parameters:"com.ozdilek.ozdilekteyim:id/etPassword" parameters:"test12" > > 
30-10-2021 17:01:01.282 [Gauge] [DEBUG] Api Request Received: messageType:GetStepValueRequest messageId:4 stepValueRequest:<stepText:"\"com.ozdilek.ozdilekteyim:id/etPassword\" \304\260d'li elemente \"test123\" de\304\237erini yaz" > 
30-10-2021 17:01:01.295 [Gauge] [DEBUG] Sending API response: messageType:GetStepValueResponse messageId:4 stepValueResponse:<stepValue:<stepValue:"{} \304\260d'li elemente {} de\304\237erini yaz" parameterizedStepValue:"<com.ozdilek.ozdilekteyim:id/etPassword> \304\260d'li elemente <test123> de\304\237erini yaz" parameters:"com.ozdilek.ozdilekteyim:id/etPassword" parameters:"test123" > > 
30-10-2021 17:01:01.483 [Gauge] [DEBUG] Api Request Received: messageType:GetStepValueRequest messageId:4 stepValueRequest:<stepText:"\"com.ozdilek.ozdilekteyim:id/etPassword\" \304\260d'li elemente \"test1234\" de\304\237erini yaz" > 
30-10-2021 17:01:01.495 [Gauge] [DEBUG] Sending API response: messageType:GetStepValueResponse messageId:4 stepValueResponse:<stepValue:<stepValue:"{} \304\260d'li elemente {} de\304\237erini yaz" parameterizedStepValue:"<com.ozdilek.ozdilekteyim:id/etPassword> \304\260d'li elemente <test1234> de\304\237erini yaz" parameters:"com.ozdilek.ozdilekteyim:id/etPassword" parameters:"test1234" > > 
30-10-2021 17:01:38.503 [Gauge] [INFO] Spec file added / modified: C:\Users\testinium\OneDrive\Desktop\OzdilekAppiumTest\specs\example.spec
30-10-2021 17:01:38.504 [Gauge] [INFO] Spec file added / modified: C:\Users\testinium\OneDrive\Desktop\OzdilekAppiumTest\specs\example.spec
30-10-2021 17:24:22.197 [Gauge] [INFO] Watching directory: C:\Users\testinium\OneDrive\Desktop\OzdilekAppiumTest\specs
30-10-2021 17:24:22.197 [Gauge] [INFO] Initializing concepts cache with 0 concepts
30-10-2021 17:24:22.198 [Gauge] [DEBUG] Found 1 files
30-10-2021 17:24:22.202 [Gauge] [INFO] Initializing specs cache with 1 specs
30-10-2021 17:24:22.202 [Gauge] [DEBUG] Adding specs from C:\Users\testinium\OneDrive\Desktop\OzdilekAppiumTest\specs\example.spec
30-10-2021 17:24:22.203 [Gauge] [INFO] Initializing steps cache with 1 steps
30-10-2021 17:24:22.203 [Gauge] [INFO] Gauge daemon initialized and listening on port: 55179
30-10-2021 17:36:11.126 [Gauge] [INFO] Initializing concepts cache with 0 concepts
30-10-2021 17:36:11.126 [Gauge] [INFO] Watching directory: C:\Users\testinium\OneDrive\Desktop\OzdilekAppiumTest\specs
30-10-2021 17:36:11.126 [Gauge] [DEBUG] Found 1 files
30-10-2021 17:36:11.129 [Gauge] [INFO] Initializing specs cache with 1 specs
30-10-2021 17:36:11.129 [Gauge] [DEBUG] Adding specs from C:\Users\testinium\OneDrive\Desktop\OzdilekAppiumTest\specs\example.spec
30-10-2021 17:36:11.129 [Gauge] [INFO] Initializing steps cache with 1 steps
30-10-2021 17:36:11.130 [Gauge] [INFO] Gauge daemon initialized and listening on port: 55820
30-10-2021 17:37:24.872 [Gauge] [DEBUG] Api Request Received: messageType:GetStepValueRequest messageId:4 stepValueRequest:<stepText:"XPATH ile \"//android.widget.TextView[contains(@text,'Kategoriler')]\" ile elementi bul ve \"Kategoriler\" ile kontrol et." > 
30-10-2021 17:37:24.872 [Gauge] [DEBUG] Sending API response: messageType:GetStepValueResponse messageId:4 stepValueResponse:<stepValue:<stepValue:"XPATH ile {} ile elementi bul ve {} ile kontrol et." parameterizedStepValue:"XPATH ile <//android.widget.TextView[contains(@text,'Kategoriler')]> ile elementi bul ve <Kategoriler> ile kontrol et." parameters:"//android.widget.TextView[contains(@text,'Kategoriler')]" parameters:"Kategoriler" > > 
30-10-2021 17:37:24.872 [Gauge] [DEBUG] Api Request Received: messageType:GetStepValueRequest messageId:4 stepValueRequest:<stepText:"\"2\" saniye bekle" > 
30-10-2021 17:37:24.872 [Gauge] [DEBUG] Sending API response: messageType:GetStepValueResponse messageId:4 stepValueResponse:<stepValue:<stepValue:"{} saniye bekle" parameterizedStepValue:"<2> saniye bekle" parameters:"2" > > 
30-10-2021 17:37:24.873 [Gauge] [DEBUG] Api Request Received: messageType:GetStepValueRequest messageId:4 stepValueRequest:<stepText:"XPATH ile \"//android.widget.TextView[contains(@text,'ALI\305\236VER\304\260\305\236E BA\305\236LA')]\" ile elementi bul ve \"ALI\305\236VER\304\260\305\236E BA\305\236LA\" ile kontrol et." > 
30-10-2021 17:37:24.873 [Gauge] [DEBUG] Sending API response: messageType:GetStepValueResponse messageId:4 stepValueResponse:<stepValue:<stepValue:"XPATH ile {} ile elementi bul ve {} ile kontrol et." parameterizedStepValue:"XPATH ile <//android.widget.TextView[contains(@text,'ALI\305\236VER\304\260\305\236E BA\305\236LA')]> ile elementi bul ve <ALI\305\236VER\304\260\305\236E BA\305\236LA> ile kontrol et." parameters:"//android.widget.TextView[contains(@text,'ALI\305\236VER\304\260\305\236E BA\305\236LA')]" parameters:"ALI\305\236VER\304\260\305\236E BA\305\236LA" > > 
30-10-2021 17:37:24.873 [Gauge] [DEBUG] Api Request Received: messageType:GetStepValueRequest messageId:4 stepValueRequest:<stepText:"\"com.ozdilek.ozdilekteyim:id/tv_startShoppingStore\" id'li elemente tikla" > 
30-10-2021 17:37:24.873 [Gauge] [DEBUG] Sending API response: messageType:GetStepValueResponse messageId:4 stepValueResponse:<stepValue:<stepValue:"{} id'li elemente tikla" parameterizedStepValue:"<com.ozdilek.ozdilekteyim:id/tv_startShoppingStore> id'li elemente tikla" parameters:"com.ozdilek.ozdilekteyim:id/tv_startShoppingStore" > > 
30-10-2021 17:37:24.873 [Gauge] [DEBUG] Api Request Received: messageType:GetStepValueRequest messageId:4 stepValueRequest:<stepText:"\"com.ozdilek.ozdilekteyim:id/nav_categories\" id'li elemente tikla" > 
30-10-2021 17:37:24.873 [Gauge] [DEBUG] Sending API response: messageType:GetStepValueResponse messageId:4 stepValueResponse:<stepValue:<stepValue:"{} id'li elemente tikla" parameterizedStepValue:"<com.ozdilek.ozdilekteyim:id/nav_categories> id'li elemente tikla" parameters:"com.ozdilek.ozdilekteyim:id/nav_categories" > > 
30-10-2021 17:37:24.873 [Gauge] [DEBUG] Api Request Received: messageType:GetStepValueRequest messageId:4 stepValueRequest:<stepText:"\"//android.widget.RelativeLayout[@index=1]\" xpath'li elemente t\304\261kla" > 
30-10-2021 17:37:24.873 [Gauge] [DEBUG] Sending API response: messageType:GetStepValueResponse messageId:4 stepValueResponse:<stepValue:<stepValue:"{} xpath'li elemente t\304\261kla" parameterizedStepValue:"<//android.widget.RelativeLayout[@index=1]> xpath'li elemente t\304\261kla" parameters:"//android.widget.RelativeLayout[@index=1]" > > 
30-10-2021 17:37:24.873 [Gauge] [DEBUG] Api Request Received: messageType:GetStepValueRequest messageId:4 stepValueRequest:<stepText:"\"//android.widget.TextView[@text='Pantolon']\" xpath'li elemente t\304\261kla" > 
30-10-2021 17:37:24.873 [Gauge] [DEBUG] Sending API response: messageType:GetStepValueResponse messageId:4 stepValueResponse:<stepValue:<stepValue:"{} xpath'li elemente t\304\261kla" parameterizedStepValue:"<//android.widget.TextView[@text='Pantolon']> xpath'li elemente t\304\261kla" parameters:"//android.widget.TextView[@text='Pantolon']" > > 
30-10-2021 17:37:24.874 [Gauge] [DEBUG] Api Request Received: messageType:GetStepValueRequest messageId:4 stepValueRequest:<stepText:"scroll et" > 
30-10-2021 17:37:24.874 [Gauge] [DEBUG] Sending API response: messageType:GetStepValueResponse messageId:4 stepValueResponse:<stepValue:<stepValue:"scroll et" parameterizedStepValue:"scroll et" > > 
30-10-2021 17:37:24.874 [Gauge] [DEBUG] Api Request Received: messageType:GetStepValueRequest messageId:4 stepValueRequest:<stepText:"\"//android.widget.ImageView[@resource-id='com.ozdilek.ozdilekteyim:id/imageView']\" random bir \303\274r\303\274n se\303\247" > 
30-10-2021 17:37:24.874 [Gauge] [DEBUG] Sending API response: messageType:GetStepValueResponse messageId:4 stepValueResponse:<stepValue:<stepValue:"{} random bir \303\274r\303\274n se\303\247" parameterizedStepValue:"<//android.widget.ImageView[@resource-id='com.ozdilek.ozdilekteyim:id/imageView']> random bir \303\274r\303\274n se\303\247" parameters:"//android.widget.ImageView[@resource-id='com.ozdilek.ozdilekteyim:id/imageView']" > > 
30-10-2021 17:37:24.874 [Gauge] [DEBUG] Api Request Received: messageType:GetStepValueRequest messageId:4 stepValueRequest:<stepText:"\"6\" saniye bekle" > 
30-10-2021 17:37:24.874 [Gauge] [DEBUG] Sending API response: messageType:GetStepValueResponse messageId:4 stepValueResponse:<stepValue:<stepValue:"{} saniye bekle" parameterizedStepValue:"<6> saniye bekle" parameters:"6" > > 
30-10-2021 17:37:24.875 [Gauge] [DEBUG] Api Request Received: messageType:GetStepValueRequest messageId:4 stepValueRequest:<stepText:"\"com.ozdilek.ozdilekteyim:id/imgFav\" id'li elemente tikla" > 
30-10-2021 17:37:24.875 [Gauge] [DEBUG] Sending API response: messageType:GetStepValueResponse messageId:4 stepValueResponse:<stepValue:<stepValue:"{} id'li elemente tikla" parameterizedStepValue:"<com.ozdilek.ozdilekteyim:id/imgFav> id'li elemente tikla" parameters:"com.ozdilek.ozdilekteyim:id/imgFav" > > 
30-10-2021 17:37:24.875 [Gauge] [DEBUG] Api Request Received: messageType:GetStepValueRequest messageId:4 stepValueRequest:<stepText:"\"com.ozdilek.ozdilekteyim:id/etEposta\" \304\260d'li elemente \"ahmet@becerik.com\" de\304\237erini yaz" > 
30-10-2021 17:37:24.875 [Gauge] [DEBUG] Sending API response: messageType:GetStepValueResponse messageId:4 stepValueResponse:<stepValue:<stepValue:"{} \304\260d'li elemente {} de\304\237erini yaz" parameterizedStepValue:"<com.ozdilek.ozdilekteyim:id/etEposta> \304\260d'li elemente <ahmet@becerik.com> de\304\237erini yaz" parameters:"com.ozdilek.ozdilekteyim:id/etEposta" parameters:"ahmet@becerik.com" > > 
30-10-2021 17:37:24.875 [Gauge] [DEBUG] Api Request Received: messageType:GetStepValueRequest messageId:4 stepValueRequest:<stepText:"\"com.ozdilek.ozdilekteyim:id/etPassword\" \304\260d'li elemente \"test1234\" de\304\237erini yaz" > 
30-10-2021 17:37:24.875 [Gauge] [DEBUG] Sending API response: messageType:GetStepValueResponse messageId:4 stepValueResponse:<stepValue:<stepValue:"{} \304\260d'li elemente {} de\304\237erini yaz" parameterizedStepValue:"<com.ozdilek.ozdilekteyim:id/etPassword> \304\260d'li elemente <test1234> de\304\237erini yaz" parameters:"com.ozdilek.ozdilekteyim:id/etPassword" parameters:"test1234" > > 
30-10-2021 17:37:24.875 [Gauge] [DEBUG] Api Request Received: messageType:GetStepValueRequest messageId:4 stepValueRequest:<stepText:"\"com.ozdilek.ozdilekteyim:id/btnLogin\" id'li elemente tikla" > 
30-10-2021 17:37:24.875 [Gauge] [DEBUG] Sending API response: messageType:GetStepValueResponse messageId:4 stepValueResponse:<stepValue:<stepValue:"{} id'li elemente tikla" parameterizedStepValue:"<com.ozdilek.ozdilekteyim:id/btnLogin> id'li elemente tikla" parameters:"com.ozdilek.ozdilekteyim:id/btnLogin" > > 
30-10-2021 17:37:24.875 [Gauge] [DEBUG] Api Request Received: messageType:GetStepValueRequest messageId:4 stepValueRequest:<stepText:"\"com.ozdilek.ozdilekteyim:id/ivBack\" \304\260d'li elemente t\304\261kla" > 
30-10-2021 17:37:24.876 [Gauge] [DEBUG] Sending API response: messageType:GetStepValueResponse messageId:4 stepValueResponse:<stepValue:<stepValue:"{} \304\260d'li elemente t\304\261kla" parameterizedStepValue:"<com.ozdilek.ozdilekteyim:id/ivBack> \304\260d'li elemente t\304\261kla" parameters:"com.ozdilek.ozdilekteyim:id/ivBack" > > 
30-10-2021 17:37:24.876 [Gauge] [DEBUG] Api Request Received: messageType:GetStepValueRequest messageId:4 stepValueRequest:<stepText:"\"1\" saniye bekle" > 
30-10-2021 17:37:24.876 [Gauge] [DEBUG] Sending API response: messageType:GetStepValueResponse messageId:4 stepValueResponse:<stepValue:<stepValue:"{} saniye bekle" parameterizedStepValue:"<1> saniye bekle" parameters:"1" > > 
30-10-2021 17:37:24.876 [Gauge] [DEBUG] Api Request Received: messageType:GetStepValueRequest messageId:4 stepValueRequest:<stepText:"\"//android.widget.RelativeLayout/android.widget.TextView[@text=36]\"size xpath elemente t\304\261kla" > 
30-10-2021 17:37:24.876 [Gauge] [DEBUG] Sending API response: messageType:GetStepValueResponse messageId:4 stepValueResponse:<stepValue:<stepValue:"{}size xpath elemente t\304\261kla" parameterizedStepValue:"<//android.widget.RelativeLayout/android.widget.TextView[@text=36]>size xpath elemente t\304\261kla" parameters:"//android.widget.RelativeLayout/android.widget.TextView[@text=36]" > > 
30-10-2021 17:37:24.876 [Gauge] [DEBUG] Api Request Received: messageType:GetStepValueRequest messageId:4 stepValueRequest:<stepText:"\"5\" saniye bekle" > 
30-10-2021 17:37:24.876 [Gauge] [DEBUG] Sending API response: messageType:GetStepValueResponse messageId:4 stepValueResponse:<stepValue:<stepValue:"{} saniye bekle" parameterizedStepValue:"<5> saniye bekle" parameters:"5" > > 
30-10-2021 17:37:30.582 [Gauge] [DEBUG] Api Request Received: messageType:GetStepValueRequest messageId:4 stepValueRequest:<stepText:"<Key>size xpath elemente t\304\261kla" > 
30-10-2021 17:37:30.582 [Gauge] [DEBUG] Sending API response: messageType:GetStepValueResponse messageId:4 stepValueResponse:<stepValue:<stepValue:"{}size xpath elemente t\304\261kla" parameterizedStepValue:"<Key>size xpath elemente t\304\261kla" parameters:"Key" > > 
30-10-2021 17:37:30.583 [Gauge] [DEBUG] Api Request Received: messageType:GetStepValueRequest messageId:4 stepValueRequest:<stepText:"<Key> xpath'li elemente <keywordc> de\304\237erini yaz" > 
30-10-2021 17:37:30.583 [Gauge] [DEBUG] Sending API response: messageType:GetStepValueResponse messageId:4 stepValueResponse:<stepValue:<stepValue:"{} xpath'li elemente {} de\304\237erini yaz" parameterizedStepValue:"<Key> xpath'li elemente <keywordc> de\304\237erini yaz" parameters:"Key" parameters:"keywordc" > > 
30-10-2021 17:37:30.583 [Gauge] [DEBUG] Api Request Received: messageType:GetStepValueRequest messageId:4 stepValueRequest:<stepText:"<Key> id'li elemente tikla" > 
30-10-2021 17:37:30.583 [Gauge] [DEBUG] Sending API response: messageType:GetStepValueResponse messageId:4 stepValueResponse:<stepValue:<stepValue:"{} id'li elemente tikla" parameterizedStepValue:"<Key> id'li elemente tikla" parameters:"Key" > > 
30-10-2021 17:37:30.583 [Gauge] [DEBUG] Api Request Received: messageType:GetStepValueRequest messageId:4 stepValueRequest:<stepText:"ID ile <by> ile elementi bul ve <text> ile kontrol et." > 
30-10-2021 17:37:30.583 [Gauge] [DEBUG] Sending API response: messageType:GetStepValueResponse messageId:4 stepValueResponse:<stepValue:<stepValue:"ID ile {} ile elementi bul ve {} ile kontrol et." parameterizedStepValue:"ID ile <by> ile elementi bul ve <text> ile kontrol et." parameters:"by" parameters:"text" > > 
30-10-2021 17:37:30.584 [Gauge] [DEBUG] Api Request Received: messageType:GetStepValueRequest messageId:4 stepValueRequest:<stepText:"XPATH ile <by> ile elementi bul ve <text> ile kontrol et." > 
30-10-2021 17:37:30.584 [Gauge] [DEBUG] Sending API response: messageType:GetStepValueResponse messageId:4 stepValueResponse:<stepValue:<stepValue:"XPATH ile {} ile elementi bul ve {} ile kontrol et." parameterizedStepValue:"XPATH ile <by> ile elementi bul ve <text> ile kontrol et." parameters:"by" parameters:"text" > > 
30-10-2021 17:37:30.591 [Gauge] [DEBUG] Api Request Received: messageType:GetStepValueRequest messageId:4 stepValueRequest:<stepText:"<Key> random bir \303\274r\303\274n se\303\247" > 
30-10-2021 17:37:30.591 [Gauge] [DEBUG] Sending API response: messageType:GetStepValueResponse messageId:4 stepValueResponse:<stepValue:<stepValue:"{} random bir \303\274r\303\274n se\303\247" parameterizedStepValue:"<Key> random bir \303\274r\303\274n se\303\247" parameters:"Key" > > 
